Multi_CorrFunc.py
Multi_CorrFunc.pyc
NewData_CorrFun
NewData_CorrFun.c
NewData_CorrFun_V3.c
NewData_MultiRun.sh
NewData_subfiles_chunk21_wCut.1
NewData_subfiles_chunk21_wCut.3
NewData_subfiles_chunk21_wCut.3_upweight
NewData_subfiles_chunk21_wCut.6
NewData_subfiles_chunk22_wCut.2
NewData_subfiles_chunk22_wCut.3
NewData_subfiles_chunk22_wCut.3_upweight
NewData_subfiles_chunk22_wCut.6
NewData_subfiles_chunk23_wCut.2
NewData_subfiles_chunk23_wCut.3
NewData_subfiles_chunk23_wCut.3_upweight
NewData_subfiles_chunk23_wCut.6
OutPut
README.md
batch.sh
data
filelist.log
romberg.py
romberg.pyc
slurm-6940370.out
xi0isoChallenge_matterpower6.0.dat
